<?xml version="1.0" encoding="UTF-8"?>
<testsuite xmlns:xsi="http://www.w3.org/2001/XMLSchema-instance" xsi:noNamespaceSchemaLocation="https://maven.apache.org/surefire/maven-surefire-plugin/xsd/surefire-test-report.xsd" name="com.epam.AmazonPageTask.TestFunction" time="3.066" tests="3" errors="0" skipped="0" failures="3">
  <properties>
[...]
</properties>
  <testcase name="Scenario1Test" classname="com.epam.AmazonPageTask.TestFunction" time="2.159">
    <failure message="unknown error: Chrome failed to start: was killed&#10;  (unknown error: DevToolsActivePort file doesn&apos;t exist)&#10;  (The process started from chrome location C:\Users\sravanthi_rudhru\Desktop\chromedriver.exe is no longer running, so ChromeDriver is assuming that Chrome has crashed.)&#10;Build info: version: &apos;3.14.0&apos;, revision: &apos;aacccce0&apos;, time: &apos;2018-08-02T20:19:58.91Z&apos;&#10;System info: host: &apos;EPINHYDW0274&apos;, ip: &apos;10.240.8.208&apos;, os.name: &apos;Windows 7&apos;, os.arch: &apos;amd64&apos;, os.version: &apos;6.1&apos;, java.version: &apos;1.8.0_151&apos;&#10;Driver info: driver.version: ChromeDriver&#10;remote stacktrace: Backtrace:&#10;	Ordinal0 [0x0125A923+1550627]&#10;	Ordinal0 [0x011DA731+1025841]&#10;	Ordinal0 [0x0115C715+509717]&#10;	Ordinal0 [0x010ECB0B+51979]&#10;	Ordinal0 [0x0110ACE7+175335]&#10;	Ordinal0 [0x0110A8ED+174317]&#10;	Ordinal0 [0x01108CDB+167131]&#10;	Ordinal0 [0x010F144A+70730]&#10;	Ordinal0 [0x010F24D0+74960]&#10;	Ordinal0 [0x010F2469+74857]&#10;	Ordinal0 [0x011F42F7+1131255]&#10;	GetHandleVerifier [0x012F711D+523789]&#10;	GetHandleVerifier [0x012F6EB0+523168]&#10;	GetHandleVerifier [0x012FE207+552695]&#10;	GetHandleVerifier [0x012F791A+525834]&#10;	Ordinal0 [0x011EB82C+1095724]&#10;	Ordinal0 [0x011F636B+1139563]&#10;	Ordinal0 [0x011F64D3+1139923]&#10;	Ordinal0 [0x011F5455+1135701]&#10;	BaseThreadInitThunk [0x75DC343D+18]&#10;	RtlInitializeExceptionChain [0x77709802+99]&#10;	RtlInitializeExceptionChain [0x777097D5+54]&#10;" type="org.openqa.selenium.WebDriverException">org.openqa.selenium.WebDriverException: 
unknown error: Chrome failed to start: was killed
  (unknown error: DevToolsActivePort file doesn't exist)
  (The process started from chrome location C:\Users\sravanthi_rudhru\Desktop\chromedriver.exe is no longer running, so ChromeDriver is assuming that Chrome has crashed.)
Build info: version: '3.14.0', revision: 'aacccce0', time: '2018-08-02T20:19:58.91Z'
System info: host: 'EPINHYDW0274', ip: '10.240.8.208', os.name: 'Windows 7', os.arch: 'amd64', os.version: '6.1', java.version: '1.8.0_151'
Driver info: driver.version: ChromeDriver
remote stacktrace: Backtrace:
	Ordinal0 [0x0125A923+1550627]
	Ordinal0 [0x011DA731+1025841]
	Ordinal0 [0x0115C715+509717]
	Ordinal0 [0x010ECB0B+51979]
	Ordinal0 [0x0110ACE7+175335]
	Ordinal0 [0x0110A8ED+174317]
	Ordinal0 [0x01108CDB+167131]
	Ordinal0 [0x010F144A+70730]
	Ordinal0 [0x010F24D0+74960]
	Ordinal0 [0x010F2469+74857]
	Ordinal0 [0x011F42F7+1131255]
	GetHandleVerifier [0x012F711D+523789]
	GetHandleVerifier [0x012F6EB0+523168]
	GetHandleVerifier [0x012FE207+552695]
	GetHandleVerifier [0x012F791A+525834]
	Ordinal0 [0x011EB82C+1095724]
	Ordinal0 [0x011F636B+1139563]
	Ordinal0 [0x011F64D3+1139923]
	Ordinal0 [0x011F5455+1135701]
	BaseThreadInitThunk [0x75DC343D+18]
	RtlInitializeExceptionChain [0x77709802+99]
	RtlInitializeExceptionChain [0x777097D5+54]

	at com.epam.AmazonPageTask.TestFunction.Scenario1Test(TestFunction.java:35)
</failure>
    <system-err><![CDATA[Starting ChromeDriver 78.0.3904.105 (60e2d8774a8151efa6a00b1f358371b1e0e07ee2-refs/branch-heads/3904@{#877}) on port 7793
Only local connections are allowed.
Please protect ports used by ChromeDriver and related test frameworks to prevent access by malicious code.
Starting ChromeDriver 78.0.3904.105 (60e2d8774a8151efa6a00b1f358371b1e0e07ee2-refs/branch-heads/3904@{#877}) on port 9515
Only local connections are allowed.
Please protect ports used by ChromeDriver and related test frameworks to prevent access by malicious code.
Invalid --log-level value.
Unable to initialize logging. Exiting...
]]></system-err>
  </testcase>
  <testcase name="Scenario2Test" classname="com.epam.AmazonPageTask.TestFunction" time="0.008">
    <failure type="java.lang.NullPointerException">java.lang.NullPointerException
	at com.epam.AmazonPageTask.TestFunction.Scenario2Test(TestFunction.java:50)
</failure>
  </testcase>
  <testcase name="Scenario4Test" classname="com.epam.AmazonPageTask.TestFunction" time="0">
    <failure type="java.lang.NullPointerException">java.lang.NullPointerException
	at com.epam.AmazonPageTask.TestFunction.Scenario4Test(TestFunction.java:58)
</failure>
  </testcase>
</testsuite>