<?xml version="1.0" encoding="UTF-8"?>
<testng-results skipped="0" failed="0" ignored="0" total="3" passed="3">
  <reporter-output>
  </reporter-output>
  <suite name="Default suite" duration-ms="34962" started-at="2019-12-03T09:38:03Z" finished-at="2019-12-03T09:38:38Z">
    <groups>
    </groups>
    <test name="Default test" duration-ms="34962" started-at="2019-12-03T09:38:03Z" finished-at="2019-12-03T09:38:38Z">
      <class name="com.epam.AmazonPageTask.TestFunction">
        <test-method status="PASS" signature="Scenario1Test()[pri:1, instance:com.epam.AmazonPageTask.TestFunction@57baeedf]" name="Scenario1Test" duration-ms="19876" started-at="2019-12-03T09:38:03Z" finished-at="2019-12-03T09:38:23Z">
          <reporter-output>
          </reporter-output>
        </test-method> <!-- Scenario1Test -->
        <test-method status="PASS" signature="Scenario2Test()[pri:2, instance:com.epam.AmazonPageTask.TestFunction@57baeedf]" name="Scenario2Test" duration-ms="10590" started-at="2019-12-03T09:38:23Z" finished-at="2019-12-03T09:38:33Z">
          <reporter-output>
          </reporter-output>
        </test-method> <!-- Scenario2Test -->
        <test-method status="PASS" signature="Scenario4Test()[pri:3, instance:com.epam.AmazonPageTask.TestFunction@57baeedf]" name="Scenario4Test" duration-ms="4457" started-at="2019-12-03T09:38:33Z" finished-at="2019-12-03T09:38:38Z">
          <reporter-output>
          </reporter-output>
        </test-method> <!-- Scenario4Test -->
      </class> <!-- com.epam.AmazonPageTask.TestFunction -->
    </test> <!-- Default test -->
  </suite> <!-- Default suite -->
</testng-results>
