<?xml version="1.0" encoding="UTF-8"?>
<!-- Generated by org.testng.reporters.JUnitXMLReporter -->
<testsuite hostname="EPINHYDW0274" ignored="0" name="Default test" tests="3" failures="0" timestamp="03 Dec 2019 09:38:38 GMT" time="34.962" errors="0">
  <testcase name="Scenario1Test" time="19.876" classname="com.epam.AmazonPageTask.TestFunction"/>
  <testcase name="Scenario2Test" time="10.59" classname="com.epam.AmazonPageTask.TestFunction"/>
  <testcase name="Scenario4Test" time="4.457" classname="com.epam.AmazonPageTask.TestFunction"/>
</testsuite> <!-- Default test -->
